<?xml version="1.0" encoding="UTF-8"?>
<testsuite xmlns:xsi="http://www.w3.org/2001/XMLSchema-instance" xsi:noNamespaceSchemaLocation="https://maven.apache.org/surefire/maven-surefire-plugin/xsd/surefire-test-report-3.0.xsd" version="3.0" name="dds.monedero.model.MonederoTest" time="0.087" tests="7" errors="0" skipped="0" failures="0">
  <properties>
[...]
</properties>
  <testcase name="ExtraerMontoNegativo" classname="dds.monedero.model.MonederoTest" time="0.039"/>
  <testcase name="PonerMontoNegativo" classname="dds.monedero.model.MonederoTest" time="0.001"/>
  <testcase name="ExtraerMasQueElSaldo" classname="dds.monedero.model.MonederoTest" time="0.001"/>
  <testcase name="Poner" classname="dds.monedero.model.MonederoTest" time="0.017"/>
  <testcase name="ExtraerMasDe1000" classname="dds.monedero.model.MonederoTest" time="0.003"/>
  <testcase name="MasDeTresDepositos" classname="dds.monedero.model.MonederoTest" time="0.001"/>
  <testcase name="TresDepositos" classname="dds.monedero.model.MonederoTest" time="0.001"/>
</testsuite>